<?xml version="1.0" encoding="UTF-8"?>
<testng-results ignored="0" total="2" passed="2" failed="0" skipped="0">
  <reporter-output>
  </reporter-output>
  <suite started-at="2021-03-02T01:30:56 EET" name="Default suite" finished-at="2021-03-02T01:31:06 EET" duration-ms="9805">
    <groups>
      <group name="cucumber">
        <method signature="AbstractTestNGCucumberTests.runScenario(io.cucumber.testng.PickleWrapper, io.cucumber.testng.FeatureWrapper)[pri:0, instance:runner.TestRunner@f736069]" name="runScenario" class="io.cucumber.testng.AbstractTestNGCucumberTests"/>
      </group> <!-- cucumber -->
    </groups>
    <test started-at="2021-03-02T01:30:56 EET" name="Default test" finished-at="2021-03-02T01:31:06 EET" duration-ms="9805">
      <class name="runner.TestRunner">
        <test-method is-config="true" signature="StartDriver(java.lang.String)[pri:0, instance:runner.TestRunner@f736069]" started-at="2021-03-02T01:30:14 EET" name="StartDriver" finished-at="2021-03-02T01:30:56 EET" duration-ms="41754" status="PASS">
          <params>
            <param index="0">
              <value>
                <![CDATA[chrome]]>
              </value>
            </param>
          </params>
          <reporter-output>
          </reporter-output>
        </test-method> <!-- StartDriver -->
        <test-method is-config="true" signature="setUpClass()[pri:0, instance:runner.TestRunner@f736069]" started-at="2021-03-02T01:30:56 EET" name="setUpClass" finished-at="2021-03-02T01:31:04 EET" duration-ms="7666" status="PASS">
          <reporter-output>
          </reporter-output>
        </test-method> <!-- setUpClass -->
        <test-method is-config="true" signature="waitt()[pri:0, instance:runner.TestRunner@f736069]" started-at="2021-03-02T01:31:04 EET" name="waitt" finished-at="2021-03-02T01:31:04 EET" duration-ms="7" status="PASS">
          <reporter-output>
          </reporter-output>
        </test-method> <!-- waitt -->
        <test-method signature="runScenario(io.cucumber.testng.PickleWrapper, io.cucumber.testng.FeatureWrapper)[pri:0, instance:runner.TestRunner@f736069]" started-at="2021-03-02T01:31:04 EET" name="runScenario" description="Runs Cucumber Scenarios" data-provider="scenarios" finished-at="2021-03-02T01:31:05 EET" duration-ms="689" status="PASS">
          <params>
            <param index="0">
              <value>
                <![CDATA["User Register with valid data."]]>
              </value>
            </param>
            <param index="1">
              <value>
                <![CDATA["Optional[Test the Registration functionality]"]]>
              </value>
            </param>
          </params>
          <reporter-output>
          </reporter-output>
        </test-method> <!-- runScenario -->
        <test-method is-config="true" signature="ScreenshotOnFailure(org.testng.ITestResult)[pri:0, instance:runner.TestRunner@f736069]" started-at="2021-03-02T01:31:05 EET" name="ScreenshotOnFailure" finished-at="2021-03-02T01:31:05 EET" duration-ms="1" status="PASS">
          <params>
            <param index="0">
              <value>
                <![CDATA[[TestResult name=runScenario status=SUCCESS method=AbstractTestNGCucumberTests.runScenario(io.cucumber.testng.PickleWrapper, io.cucumber.testng.FeatureWrapper)[pri:0, instance:runner.TestRunner@f736069] output={null}]]]>
              </value>
            </param>
          </params>
          <reporter-output>
          </reporter-output>
        </test-method> <!-- ScreenshotOnFailure -->
        <test-method is-config="true" signature="waitt()[pri:0, instance:runner.TestRunner@f736069]" started-at="2021-03-02T01:31:05 EET" name="waitt" finished-at="2021-03-02T01:31:05 EET" duration-ms="9" status="PASS">
          <reporter-output>
          </reporter-output>
        </test-method> <!-- waitt -->
        <test-method signature="runScenario(io.cucumber.testng.PickleWrapper, io.cucumber.testng.FeatureWrapper)[pri:0, instance:runner.TestRunner@f736069]" started-at="2021-03-02T01:31:05 EET" name="runScenario" description="Runs Cucumber Scenarios" data-provider="scenarios" finished-at="2021-03-02T01:31:05 EET" duration-ms="22" status="PASS">
          <params>
            <param index="0">
              <value>
                <![CDATA["User Register with valid data."]]>
              </value>
            </param>
            <param index="1">
              <value>
                <![CDATA["Optional[Test the Registration functionality]"]]>
              </value>
            </param>
          </params>
          <reporter-output>
          </reporter-output>
        </test-method> <!-- runScenario -->
        <test-method is-config="true" signature="ScreenshotOnFailure(org.testng.ITestResult)[pri:0, instance:runner.TestRunner@f736069]" started-at="2021-03-02T01:31:05 EET" name="ScreenshotOnFailure" finished-at="2021-03-02T01:31:05 EET" duration-ms="0" status="PASS">
          <params>
            <param index="0">
              <value>
                <![CDATA[[TestResult name=runScenario status=SUCCESS method=AbstractTestNGCucumberTests.runScenario(io.cucumber.testng.PickleWrapper, io.cucumber.testng.FeatureWrapper)[pri:0, instance:runner.TestRunner@f736069] output={null}]]]>
              </value>
            </param>
          </params>
          <reporter-output>
          </reporter-output>
        </test-method> <!-- ScreenshotOnFailure -->
        <test-method is-config="true" signature="tearDownClass()[pri:0, instance:runner.TestRunner@f736069]" started-at="2021-03-02T01:31:05 EET" name="tearDownClass" finished-at="2021-03-02T01:31:06 EET" duration-ms="1129" status="PASS">
          <reporter-output>
          </reporter-output>
        </test-method> <!-- tearDownClass -->
        <test-method is-config="true" signature="StopDriver()[pri:0, instance:runner.TestRunner@f736069]" started-at="2021-03-02T01:31:07 EET" name="StopDriver" finished-at="2021-03-02T01:31:16 EET" duration-ms="9553" status="PASS">
          <reporter-output>
          </reporter-output>
        </test-method> <!-- StopDriver -->
      </class> <!-- runner.TestRunner -->
    </test> <!-- Default test -->
  </suite> <!-- Default suite -->
</testng-results>

