<?xml version="1.0" encoding="UTF-8"?>
<!-- Generated by org.testng.reporters.JUnitXMLReporter -->
<testsuite ignored="0" hostname="DESKTOP-I2Q0NO0" failures="0" tests="2" name="Regression" time="17.65" errors="0" timestamp="2021-02-08T23:22:12 EET">
  <testcase classname="tests.UserRegistrationTestWithDDT_UsingDataProviderAnnotations" name="UserCanRegistrationSuccessfully" time="10.198"/>
  <testcase classname="tests.UserRegistrationTestWithDDT_UsingDataProviderAnnotations" name="UserCanRegistrationSuccessfully" time="7.372"/>
</testsuite> <!-- Regression -->
